<?xml version="1.0" encoding="UTF-8"?>
<!-- Generated by org.testng.reporters.JUnitReportReporter -->
<testsuite hostname="DESKTOP-3JIP3OF" name="com.sa.testscripts.TestSuite" tests="2" failures="0" timestamp="22 Sep 2017 07:14:37 GMT" time="49.191" errors="0">
  <testcase name="Login" time="21.240" classname="com.sa.testscripts.TestSuite"/>
  <testcase name="SiteCreate" time="27.951" classname="com.sa.testscripts.TestSuite"/>
</testsuite> <!-- com.sa.testscripts.TestSuite -->
